2025-04-04 11:16:15 - Check Redirect Triggered
Array
(
    [enabled] => 1
    [redirect_url] => https://shop.mc-dns.net/index.html
    [fallback_url] => index.php
)

2025-04-04 11:17:01 - Check Redirect Triggered
Array
(
    [enabled] => 
    [redirect_url] => https://shop.mc-dns.net/index.html
    [fallback_url] => index.php
)

2025-04-04 11:17:01 - Check Redirect Triggered
Array
(
    [enabled] => 
    [redirect_url] => https://shop.mc-dns.net/index.html
    [fallback_url] => index.php
)

2025-04-04 11:17:01 - Check Redirect Triggered
Array
(
    [enabled] => 
    [redirect_url] => https://shop.mc-dns.net/index.html
    [fallback_url] => index.php
)

2025-04-04 11:17:01 - Check Redirect Triggered
Array
(
    [enabled] => 
    [redirect_url] => https://shop.mc-dns.net/index.html
    [fallback_url] => index.php
)

2025-04-04 11:17:01 - Check Redirect Triggered
Array
(
    [enabled] => 
    [redirect_url] => https://shop.mc-dns.net/index.html
    [fallback_url] => index.php
)

2025-04-04 11:17:01 - Check Redirect Triggered
Array
(
    [enabled] => 
    [redirect_url] => https://shop.mc-dns.net/index.html
    [fallback_url] => index.php
)

2025-04-04 11:17:01 - Check Redirect Triggered
Array
(
    [enabled] => 
    [redirect_url] => https://shop.mc-dns.net/index.html
    [fallback_url] => index.php
)

2025-04-04 11:17:01 - Check Redirect Triggered
Array
(
    [enabled] => 
    [redirect_url] => https://shop.mc-dns.net/index.html
    [fallback_url] => index.php
)

2025-04-04 11:17:01 - Check Redirect Triggered
Array
(
    [enabled] => 
    [redirect_url] => https://shop.mc-dns.net/index.html
    [fallback_url] => index.php
)

2025-04-04 11:17:02 - Check Redirect Triggered
Array
(
    [enabled] => 
    [redirect_url] => https://shop.mc-dns.net/index.html
    [fallback_url] => index.php
)

2025-04-04 11:17:02 - Check Redirect Triggered
Array
(
    [enabled] => 
    [redirect_url] => https://shop.mc-dns.net/index.html
    [fallback_url] => index.php
)

2025-04-04 11:17:02 - Check Redirect Triggered
Array
(
    [enabled] => 
    [redirect_url] => https://shop.mc-dns.net/index.html
    [fallback_url] => index.php
)

2025-04-04 11:17:02 - Check Redirect Triggered
Array
(
    [enabled] => 
    [redirect_url] => https://shop.mc-dns.net/index.html
    [fallback_url] => index.php
)

2025-04-04 11:17:02 - Check Redirect Triggered
Array
(
    [enabled] => 
    [redirect_url] => https://shop.mc-dns.net/index.html
    [fallback_url] => index.php
)

2025-04-04 11:17:02 - Check Redirect Triggered
Array
(
    [enabled] => 
    [redirect_url] => https://shop.mc-dns.net/index.html
    [fallback_url] => index.php
)

2025-04-04 11:17:02 - Check Redirect Triggered
Array
(
    [enabled] => 
    [redirect_url] => https://shop.mc-dns.net/index.html
    [fallback_url] => index.php
)

2025-04-04 11:17:02 - Check Redirect Triggered
Array
(
    [enabled] => 
    [redirect_url] => https://shop.mc-dns.net/index.html
    [fallback_url] => index.php
)

2025-04-04 11:17:02 - Check Redirect Triggered
Array
(
    [enabled] => 
    [redirect_url] => https://shop.mc-dns.net/index.html
    [fallback_url] => index.php
)

2025-04-04 11:17:02 - Check Redirect Triggered
Array
(
    [enabled] => 
    [redirect_url] => https://shop.mc-dns.net/index.html
    [fallback_url] => index.php
)

2025-04-04 11:17:02 - Check Redirect Triggered
Array
(
    [enabled] => 
    [redirect_url] => https://shop.mc-dns.net/index.html
    [fallback_url] => index.php
)

2025-04-04 11:17:03 - Check Redirect Triggered
Array
(
    [enabled] => 
    [redirect_url] => https://shop.mc-dns.net/index.html
    [fallback_url] => index.php
)

2025-04-04 11:17:03 - Check Redirect Triggered
Array
(
    [enabled] => 
    [redirect_url] => https://shop.mc-dns.net/index.html
    [fallback_url] => index.php
)

2025-04-04 11:17:03 - Check Redirect Triggered
Array
(
    [enabled] => 
    [redirect_url] => https://shop.mc-dns.net/index.html
    [fallback_url] => index.php
)

2025-04-04 11:17:03 - Check Redirect Triggered
Array
(
    [enabled] => 
    [redirect_url] => https://shop.mc-dns.net/index.html
    [fallback_url] => index.php
)

2025-04-04 11:17:03 - Check Redirect Triggered
Array
(
    [enabled] => 
    [redirect_url] => https://shop.mc-dns.net/index.html
    [fallback_url] => index.php
)

2025-04-04 11:17:03 - Check Redirect Triggered
Array
(
    [enabled] => 
    [redirect_url] => https://shop.mc-dns.net/index.html
    [fallback_url] => index.php
)

2025-04-04 11:17:03 - Check Redirect Triggered
Array
(
    [enabled] => 
    [redirect_url] => https://shop.mc-dns.net/index.html
    [fallback_url] => index.php
)

2025-04-04 11:17:03 - Check Redirect Triggered
Array
(
    [enabled] => 
    [redirect_url] => https://shop.mc-dns.net/index.html
    [fallback_url] => index.php
)

2025-04-04 11:17:03 - Check Redirect Triggered
Array
(
    [enabled] => 
    [redirect_url] => https://shop.mc-dns.net/index.html
    [fallback_url] => index.php
)

2025-04-04 11:17:03 - Check Redirect Triggered
Array
(
    [enabled] => 
    [redirect_url] => https://shop.mc-dns.net/index.html
    [fallback_url] => index.php
)

2025-04-04 11:17:08 - Check Redirect Triggered
Array
(
    [enabled] => 
    [redirect_url] => https://shop.mc-dns.net/index.html
    [fallback_url] => index.php
)

2025-04-04 11:17:08 - Check Redirect Triggered
Array
(
    [enabled] => 
    [redirect_url] => https://shop.mc-dns.net/index.html
    [fallback_url] => index.php
)

2025-04-04 11:17:08 - Check Redirect Triggered
Array
(
    [enabled] => 
    [redirect_url] => https://shop.mc-dns.net/index.html
    [fallback_url] => index.php
)

2025-04-04 11:17:08 - Check Redirect Triggered
Array
(
    [enabled] => 
    [redirect_url] => https://shop.mc-dns.net/index.html
    [fallback_url] => index.php
)

2025-04-04 11:17:08 - Check Redirect Triggered
Array
(
    [enabled] => 
    [redirect_url] => https://shop.mc-dns.net/index.html
    [fallback_url] => index.php
)

2025-04-04 11:17:08 - Check Redirect Triggered
Array
(
    [enabled] => 
    [redirect_url] => https://shop.mc-dns.net/index.html
    [fallback_url] => index.php
)

2025-04-04 11:17:08 - Check Redirect Triggered
Array
(
    [enabled] => 
    [redirect_url] => https://shop.mc-dns.net/index.html
    [fallback_url] => index.php
)

2025-04-04 11:17:08 - Check Redirect Triggered
Array
(
    [enabled] => 
    [redirect_url] => https://shop.mc-dns.net/index.html
    [fallback_url] => index.php
)

2025-04-04 11:17:08 - Check Redirect Triggered
Array
(
    [enabled] => 
    [redirect_url] => https://shop.mc-dns.net/index.html
    [fallback_url] => index.php
)

2025-04-04 11:17:08 - Check Redirect Triggered
Array
(
    [enabled] => 
    [redirect_url] => https://shop.mc-dns.net/index.html
    [fallback_url] => index.php
)

